-------------
Duky
Amity
Elena
Lynn
Valentijn
-------------
Abrehart|Paddy
Adanez|Alina
Alberts|Tawsha
Aldrin|Bax
Allmann|Karoline
Apted|Garold
Aristide|Ivett
Assel|Waylin
Autrie|Hayward
Bantock|Howey
Beadon|Shandra
Beesey|Linea
Birds|Konstantin
Birt|Ariella
Booth|Husain
Brake|Meir
Bretherick|Ian
Brobyn|Renee
Brodley|Linn
Brydie|Piotr
Canfield|Philippa
Caplen|Denis
Casewell|Sorcha
Cass|Royal
Chattock|Deny
Christopherson|Jeffry
Coate|Larina
Cobbald|Tally
Cosgrive|Aretha
Courson|Wolfy
Crick|Maurise
Cringle|Zulema
Crucetti|Judith
Culross|Robinet
Cumbes|Woodman
Darmody|Byrann
Davioud|Mateo
Demetr|Tymothy
Dible|Livvie
Dod|Woodrow
Domenico|Jill
Dougal|Berne
Ducker|Olvan
Eason|Eward
Easson|Osborne
Edgeley|Emmery
Epperson|Audrye
Everex|Chelsy
Faichnie|Octavia
Feveryear|Irving
Ghion|Sarine
Girdlestone|Marylinda
Goodbairn|Lilyan
Goucher|Paddie
Gowrich|Raf
Greally|Joshua
Grieve|Jo-ann
Griffey|Katlin
Guilder|Cinderella
Guitton|Isador
Guly|Virgilio
Gwyllt|Mariquilla
Habert|Karina
Hammerstone|Margareta
Haston|Barbi
Hawkin|Kizzie
Hurt|Law
Iacovielli|Elga
Illesley|Tabor
Ilyenko|Irvin
Instone|Grenville
Jakeman|Freddy
Jinkin|Silvain
Jirasek|Flori
Joscelyne|Aaren
Josovitz|Filbert
Keenan|Hank
Kelleher|Tyrone
King|Cristina
Klesel|Markus
Knight|Denis
Knottley|Ania
Knowlton|Cornie
Lage|Mohandas
Laste|Richmond
Leaf|Tatiana
Lemon|Wittie
Leven|Emmalynn
Lidbetter|Becky
Loveland|Moses
Lupton|Carlos
Lyston|Pierette
Lytlle|Basia
M'cowis|Eric
Ma|Thomas
Manklow|Gradey
Mathys|Nikolaos
Matitiaho|Vicky
Mayte|Fayre
McCraine|Felipa
McLaggan|Rad
McPhelimey|Luci
Micallef|Robena
Naerup|Calv
Nibley|Carena
Niess|Corbet
O'Currigan|Elli
O'Hickee|Noella
Pedron|Inglis
Pencott|Zorina
Pershouse|Kahaleel
Phare|Beverlee
Podd|Mildrid
Pugsley|Reuben
Raden|Graig
Rany|Clementina
Rathbourne|Oswald
Ratledge|Alvis
Reding|Goober
Renner|Zach
Ricarde|Walsh
Ritter|Anthe
Robion|Heindrick
Rockhill|Tamarah
Rolfs|Stanwood
Ruckert|Oswell
Servante|Jabez
Shearmur|Justino
Simonini|Saxon
Skeermor|Eveline
Skoyles|Pattie
Slocket|Duky
Snelle|Lambert
Spickett|Cristi
Spires|Magdalena
Stagge|Thedric
Stains|Alameda
Steely|Desirae
Stickley|Sasha
Swoffer|Eal
Symper|Ilyse
Taft|Juliann
Teanby|Jason
Timberlake|Babbette
Tolefree|Kerstin
Totman|Jennica
Towers|Zared
Treppas|Rubin
Tullis|Sheffield
Urrey|Krissy
Varah|Krystle
Veeler|Avrom
Venner|Demetria
Waith|Hans
Wearne|Julienne
Wewell|Frankie
Wiffen|Gustavo
Wilber|Gabi
Worner|Huey
Zuanazzi|Vin
-------------
Alberts|Tawsha
Allmann|Karoline
Amis|Linette
Boniface|Karalynn
Broschek|Kristien
Canfield|Philippa
Castenda|Avis
Causey|Kaycee
Cawcutt|Keelia
Chown|Mikaela
Coate|Larina
Cockshot|Delilah
Cowling|Karin
Dewan|Kendre
Dripps|Hadria
Dunbavin|Caryl
Edelmann|Hedvig
Flores|Gray
Fosberry|Lurleen
Goadbie|Trista
Goff|Helen-elizabeth
Gotmann|Hazel
Grieve|Jo-ann
Hamsher|Daria
Haucke|Trudie
Hawkin|Kizzie
Hearnshaw|Marlena
Hector|Caroljean
Hollyman|Elsey
Huffa|Ferdinande
Iacovielli|Elga
Ilbert|Charmain
Jacquemy|Linet
Joselevitz|Milicent
Kieran|Lyndsay
Kiff|Brita
Klement|Corri
Kohen|Carmencita
Lansdowne|Janina
Larkings|Chiarra
Leydon|Tracey
Lindblad|Rozina
Lucken|Danielle
MacFaell|Midge
Makepeace|Demetris
Manilove|Katey
Martins|Geraldine
McAllister|Sunny
McCraine|Felipa
McTrustrie|Sophi
Micallef|Robena
Muddimer|Karla
Muggleston|Lois
Murton|Kim
O'Flannery|Anne-marie
Peers|Suzanne
Poor|Claudette
Priditt|Florentia
Ramalhete|Gwendolyn
Revance|Jaimie
Rockhill|Tamarah
Safell|Clemmie
Schriren|Deeann
Slader|Jennica
Sonley|Carmela
Staynes|Martynne
Thrasher|Georgianne
Tiddeman|Persis
Timberlake|Babbette
Totman|Jennica
Trubshawe|Talyah
Truckett|Aryn
Twinterman|Lorelei
Tyndall|Lena
Urrey|Krissy
Van der Baaren|Lizbeth
Venner|Lise
Vosse|Nicolle
Wanne|Kathrine
Wegenen|Annora
Wethered|Gretel
Whiten|Chiquia
-------------
Luci|McPhelimey
Kahaleel|Pershouse
Duky|Slocket
Moses|Loveland
Thedric|Stagge
Nikolaos|Mathys
Joshua|Greally
Reuben|Pugsley
Desirae|Steely
Corbet|Niess
Cristi|Spickett
Zorina|Pencott
Tawsha|Alberts
Alameda|Stains
Stanwood|Rolfs
Noella|O'Hickee
Graig|Raden
Lilyan|Goodbairn
Vicky|Matitiaho
Hans|Waith
Rad|McLaggan
Piotr|Brydie
Jill|Domenico
Saxon|Simonini
Felipa|McCraine
Woodrow|Dod
Irving|Feveryear
Cinderella|Guilder
Clementina|Rany
Meir|Brake
Mariquilla|Gwyllt
Krystle|Varah
Audrye|Epperson
Tyrone|Kelleher
Gustavo|Wiffen
Philippa|Canfield
Irvin|Ilyenko
Barbi|Haston
Woodman|Cumbes
Kizzie|Hawkin
Heindrick|Robion
Garold|Apted
Eveline|Skeermor
Margareta|Hammerstone
Freddy|Jakeman
Robena|Micallef
Vin|Zuanazzi
Ania|Knottley
Jennica|Totman
Gradey|Manklow
Becky|Lidbetter
Octavia|Faichnie
Jo-ann|Grieve
Magdalena|Spires
Tatiana|Leaf
Elli|O'Currigan
Aaren|Joscelyne
Karoline|Allmann
-------------
Josephine
-------------
is.gd
msn.com
amazon.com
dyndns.org
uw.edu
-------------
0
changes:   0   total_changes: 0
14
changes:   0   total_changes: 0
changes:   0   total_changes: 0
0
changes:   0   total_changes: 0
14
changes:   0   total_changes: 0
-------------
18
changes:   0   total_changes: 0
changes:  42   total_changes: 42
18
changes:  42   total_changes: 42
-------------
changes:   0   total_changes: 42
-------------
changes:   1   total_changes: 43
-------------
